2025-04-29 23:14:55,320 - INFO - Clicked on element: ('xpath', "//a[@href='/products']")
2025-04-29 23:14:55,320 - INFO - Clicked on element: ('xpath', "//a[@href='/products']")
2025-04-29 23:14:55,374 - INFO - Element is visible: ('xpath', "//h2[normalize-space()='All Products']")
2025-04-29 23:14:55,374 - INFO - Element is visible: ('xpath', "//h2[normalize-space()='All Products']")
2025-04-29 23:14:55,411 - INFO - Element is visible: ('xpath', "//div[@class='features_items']//div[@class='productinfo text-center']")
2025-04-29 23:14:55,411 - INFO - Element is visible: ('xpath', "//div[@class='features_items']//div[@class='productinfo text-center']")
2025-04-29 23:14:57,007 - INFO - Clicked on element: ('xpath', "(//a[contains(text(),'View Product')])[1]")
2025-04-29 23:14:57,007 - INFO - Clicked on element: ('xpath', "(//a[contains(text(),'View Product')])[1]")
2025-04-29 23:14:57,066 - INFO - Element is visible: ('xpath', "//div[@class='product-information']/h2")
2025-04-29 23:14:57,066 - INFO - Element is visible: ('xpath', "//div[@class='product-information']/h2")
2025-04-29 23:14:57,101 - INFO - Element is visible: ('xpath', "//div[@class='product-information']/p[1]")
2025-04-29 23:14:57,101 - INFO - Element is visible: ('xpath', "//div[@class='product-information']/p[1]")
2025-04-29 23:14:57,200 - INFO - Element is visible: ('xpath', "//div[@class='product-information']//span/span")
2025-04-29 23:14:57,200 - INFO - Element is visible: ('xpath', "//div[@class='product-information']//span/span")
2025-04-29 23:14:57,239 - INFO - Element is visible: ('xpath', "// b[normalize-space()='Availability:']")
2025-04-29 23:14:57,239 - INFO - Element is visible: ('xpath', "// b[normalize-space()='Availability:']")
2025-04-29 23:14:57,274 - INFO - Element is visible: ('xpath', "//div[@class='product-information']/p/b[contains(text(),'Condition:')]")
2025-04-29 23:14:57,274 - INFO - Element is visible: ('xpath', "//div[@class='product-information']/p/b[contains(text(),'Condition:')]")
2025-04-29 23:14:57,306 - INFO - Element is visible: ('xpath', "//div[@class='product-information']/p/b[contains(text(),'Brand:')]")
2025-04-29 23:14:57,306 - INFO - Element is visible: ('xpath', "//div[@class='product-information']/p/b[contains(text(),'Brand:')]")
2025-04-29 23:41:32,232 - INFO - Clicked on element: ('xpath', "//a[@href='/products']")
2025-04-29 23:41:32,232 - INFO - Clicked on element: ('xpath', "//a[@href='/products']")
2025-04-29 23:41:32,280 - INFO - Element is visible: ('xpath', "//h2[normalize-space()='All Products']")
2025-04-29 23:41:32,280 - INFO - Element is visible: ('xpath', "//h2[normalize-space()='All Products']")
2025-04-29 23:54:22,393 - INFO - Clicked on element: ('xpath', "//a[@href='/products']")
2025-04-29 23:54:22,393 - INFO - Clicked on element: ('xpath', "//a[@href='/products']")
2025-04-29 23:54:22,439 - INFO - Element is visible: ('xpath', "//h2[normalize-space()='All Products']")
2025-04-29 23:54:22,439 - INFO - Element is visible: ('xpath', "//h2[normalize-space()='All Products']")
2025-04-29 23:54:22,759 - INFO - Entered text 'Tshirt' into element: ('id', 'search_product')
2025-04-29 23:54:22,759 - INFO - Entered text 'Tshirt' into element: ('id', 'search_product')
2025-04-29 23:54:25,676 - INFO - Clicked on element: ('id', 'submit_search')
2025-04-29 23:54:25,676 - INFO - Clicked on element: ('id', 'submit_search')
2025-04-29 23:54:25,736 - INFO - Element is visible: ('xpath', "//h2[text()='Searched Products']")
2025-04-29 23:54:25,736 - INFO - Element is visible: ('xpath', "//h2[text()='Searched Products']")
2025-04-29 23:54:25,904 - INFO - Extracted texts from elements: ('xpath', "//div[@class='productinfo text-center']/p")
2025-04-29 23:54:25,904 - INFO - Extracted texts from elements: ('xpath', "//div[@class='productinfo text-center']/p")
2025-04-30 00:00:29,537 - INFO - Clicked on element: ('xpath', "//a[@href='/products']")
2025-04-30 00:00:29,537 - INFO - Clicked on element: ('xpath', "//a[@href='/products']")
2025-04-30 00:00:29,578 - INFO - Element is visible: ('xpath', "//h2[normalize-space()='All Products']")
2025-04-30 00:00:29,578 - INFO - Element is visible: ('xpath', "//h2[normalize-space()='All Products']")
2025-04-30 00:00:29,900 - INFO - Entered text 'Tshirt' into element: ('id', 'search_product')
2025-04-30 00:00:29,900 - INFO - Entered text 'Tshirt' into element: ('id', 'search_product')
2025-04-30 00:00:31,313 - INFO - Clicked on element: ('id', 'submit_search')
2025-04-30 00:00:31,313 - INFO - Clicked on element: ('id', 'submit_search')
2025-04-30 00:00:31,357 - INFO - Element is visible: ('xpath', "//h2[text()='Searched Products']")
2025-04-30 00:00:31,357 - INFO - Element is visible: ('xpath', "//h2[text()='Searched Products']")
2025-04-30 00:00:31,620 - INFO - Extracted texts from elements: ('xpath', "//div[@class='productinfo text-center']/p")
2025-04-30 00:00:31,620 - INFO - Extracted texts from elements: ('xpath', "//div[@class='productinfo text-center']/p")
2025-04-30 00:08:39,307 - INFO - Clicked on element: ('xpath', "//a[@href='/products']")
2025-04-30 00:08:39,307 - INFO - Clicked on element: ('xpath', "//a[@href='/products']")
2025-04-30 00:08:39,353 - INFO - Element is visible: ('xpath', "//h2[normalize-space()='All Products']")
2025-04-30 00:08:39,353 - INFO - Element is visible: ('xpath', "//h2[normalize-space()='All Products']")
2025-04-30 00:08:39,665 - INFO - Entered text 'Tshirt' into element: ('id', 'search_product')
2025-04-30 00:08:39,665 - INFO - Entered text 'Tshirt' into element: ('id', 'search_product')
2025-04-30 00:08:41,251 - INFO - Clicked on element: ('id', 'submit_search')
2025-04-30 00:08:41,251 - INFO - Clicked on element: ('id', 'submit_search')
2025-04-30 00:08:41,305 - INFO - Element is visible: ('xpath', "//h2[text()='Searched Products']")
2025-04-30 00:08:41,305 - INFO - Element is visible: ('xpath', "//h2[text()='Searched Products']")
